<?xml version="1.0" encoding="UTF-8"?>
<!-- Generated by org.testng.reporters.JUnitReportReporter -->
<testsuite hostname="DESKTOP-3T1AHEA" failures="0" tests="1" name="Framework.TestCases.TC_MyAccountPageTest" time="12.103" errors="0" timestamp="2024-09-10T12:08:01 IST" skipped="0">
  <testcase classname="Framework.TestCases.TC_MyAccountPageTest" name="VerifyRegAndLogin" time="12.103"/>
</testsuite> <!-- Framework.TestCases.TC_MyAccountPageTest -->
